[17:44:56] DeepAR.Train: Loading the datasets...
[17:44:58] DeepAR.Data: train_len: 389101
[17:44:58] DeepAR.Data: building datasets from data\elect...
[17:44:58] DeepAR.Data: test_len: 2590
[17:44:58] DeepAR.Data: building datasets from data\elect...
[17:44:59] DeepAR.Data: weights: tensor([4.5579e-08, 4.7663e-08, 4.8446e-08,  ..., 8.4827e-05, 8.4776e-05,
        8.4272e-05], dtype=torch.float64)
[17:44:59] DeepAR.Data: num samples: 389101
[17:44:59] DeepAR.Train: Loading complete.
[17:44:59] DeepAR.Train: Model: 
Net(
  (embedding): Embedding(370, 20)
  (lstm): LSTM(25, 40, num_layers=3, dropout=0.1)
  (relu): ReLU()
  (distribution_mu): Linear(in_features=120, out_features=1, bias=True)
  (distribution_presigma): Linear(in_features=120, out_features=1, bias=True)
  (distribution_sigma): Softplus(beta=1, threshold=20)
)
[17:45:00] DeepAR.Train: Starting training for 20 epoch(s)
[17:45:00] DeepAR.Train: begin training and evaluation
[17:45:00] DeepAR.Train: Epoch 1/20
